INFO:root:Obtained 801 data points for                                BTC
INFO:root:Obtained 801 data points for                                ETH
INFO:root:Obtained 226 data points for                                XMR
INFO:root:Obtained 220 data points for                                ZEC
INFO:root:Obtained 541 data points for                                XRP
INFO:root:Obtained 514 data points for                                XLM
INFO:root:Obtained 683 data points for                                LTC
INFO:root:Obtained 517 data points for                                EOS
INFO:root:Obtained 558 data points for                                ADA
INFO:root:Obtained 816 data points for                                BCH
INFO:root:Obtained 213 data points for                                DASH
INFO:root:Obtained 502 data points for                                ETC
INFO:root:Obtained 696 data points for                                GNO
INFO:root:Obtained 492 data points for                                MLN
INFO:root:Obtained 587 data points for                                QTUM
INFO:root:Obtained 1078 data points for                                REP
INFO:root:Obtained 1562 data points for                                USDT
INFO:root:Obtained 481 data points for                                XTZ
INFO:root:Updating db by adding dataset of lenth: 410
WARNING:tensorflow:From C:\Users\Ignacio\Anaconda3\lib\site-packages\tensorflow\python\framework\op_def_library.py:263: colocate_with (from tensorflow.python.framework.ops) is deprecated and will be removed in a future version.
Instructions for updating:
Colocations handled automatically by placer.
WARNING:tensorflow:From C:\Users\Ignacio\Anaconda3\lib\site-packages\keras\backend\tensorflow_backend.py:3445: calling dropout (from tensorflow.python.ops.nn_ops) with keep_prob is deprecated and will be removed in a future version.
Instructions for updating:
Please use `rate` instead of `keep_prob`. Rate should be set to `rate = 1 - keep_prob`.
